c = 720537.833271 
iteration # n = 0, m = 0
iteration # n = 1, m = 0
iteration # n = 2, m = 0
iteration # n = 3, m = 0
iteration # n = 4, m = 0
iteration # n = 5, m = 0
iteration # n = 6, m = 0
iteration # n = 7, m = 0
iteration # n = 8, m = 0
iteration # n = 9, m = 0
iteration # n = 10, m = 0
iteration # n = 11, m = 0
iteration # n = 12, m = 0
iteration # n = 13, m = 0
iteration # n = 14, m = 0
iteration # n = 15, m = 0
iteration # n = 16, m = 0
iteration # n = 17, m = 0
iteration # n = 18, m = 0
iteration # n = 19, m = 0
iteration # n = 20, m = 0
iteration # n = 21, m = 0
iteration # n = 22, m = 0
iteration # n = 23, m = 0
iteration # n = 24, m = 0
iteration # n = 25, m = 0
iteration # n = 26, m = 0
iteration # n = 27, m = 0
iteration # n = 28, m = 0
iteration # n = 29, m = 0
iteration # n = 30, m = 0
iteration # n = 31, m = 0
iteration # n = 32, m = 0
iteration # n = 33, m = 0
iteration # n = 34, m = 0
iteration # n = 35, m = 0
Psi_rr = -0.000000, Psi_rz = 0.000000, D = -0.000000, Psi_zz = 0.000005, Psi_z = -0.000002, Psi_r = 0.000013, dr = 97.286175, dz = -1.260550
iteration # n = 36, m = 0
Psi_rr = -0.000000, Psi_rz = 0.000000, D = -0.000000, Psi_zz = 0.000005, Psi_z = -0.000002, Psi_r = 0.000014, dr = 44.321207, dz = -0.456941
iteration # n = 37, m = 0
Psi_rr = -0.000001, Psi_rz = 0.000000, D = -0.000000, Psi_zz = 0.000005, Psi_z = -0.000002, Psi_r = 0.000015, dr = 29.593384, dz = -0.235125
iteration # n = 38, m = 0
Psi_rr = -0.000001, Psi_rz = 0.000000, D = -0.000000, Psi_zz = 0.000005, Psi_z = -0.000002, Psi_r = 0.000016, dr = 22.697413, dz = -0.132514
iteration # n = 39, m = 0
Psi_rr = -0.000001, Psi_rz = 0.000000, D = -0.000000, Psi_zz = 0.000005, Psi_z = -0.000002, Psi_r = 0.000017, dr = 18.710475, dz = -0.074213
iteration # n = 40, m = 0
Psi_rr = -0.000001, Psi_rz = 0.000000, D = -0.000000, Psi_zz = 0.000005, Psi_z = -0.000002, Psi_r = 0.000018, dr = 16.120811, dz = -0.037222
iteration # n = 41, m = 0
Psi_rr = -0.000001, Psi_rz = 0.000000, D = -0.000000, Psi_zz = 0.000005, Psi_z = -0.000002, Psi_r = 0.000019, dr = 14.309484, dz = -0.012123
iteration # n = 42, m = 0
Psi_rr = -0.000002, Psi_rz = 0.000000, D = -0.000000, Psi_zz = 0.000005, Psi_z = -0.000002, Psi_r = 0.000020, dr = 12.976052, dz = 0.005655
iteration # n = 43, m = 0
Psi_rr = -0.000002, Psi_rz = 0.000000, D = -0.000000, Psi_zz = 0.000006, Psi_z = -0.000002, Psi_r = 0.000021, dr = 11.957036, dz = 0.018600
iteration # n = 44, m = 0
Psi_rr = -0.000002, Psi_rz = 0.000000, D = -0.000000, Psi_zz = 0.000006, Psi_z = -0.000002, Psi_r = 0.000022, dr = 11.155840, dz = 0.028186
iteration # n = 45, m = 0
Psi_rr = -0.000002, Psi_rz = 0.000000, D = -0.000000, Psi_zz = 0.000006, Psi_z = -0.000002, Psi_r = 0.000024, dr = 10.511710, dz = 0.035337
iteration # n = 46, m = 0
Psi_rr = -0.000002, Psi_rz = 0.000000, D = -0.000000, Psi_zz = 0.000006, Psi_z = -0.000002, Psi_r = 0.000025, dr = 9.984504, dz = 0.040668
iteration # n = 47, m = 0
Psi_rr = -0.000003, Psi_rz = 0.000000, D = -0.000000, Psi_zz = 0.000006, Psi_z = -0.000002, Psi_r = 0.000026, dr = 9.546616, dz = 0.044603
iteration # n = 48, m = 0
Psi_rr = -0.000003, Psi_rz = 0.000001, D = -0.000000, Psi_zz = 0.000007, Psi_z = -0.000001, Psi_r = 0.000027, dr = 8.935273, dz = -0.670798
iteration # n = 49, m = 0
Psi_rr = -0.000002, Psi_rz = 0.000000, D = -0.000000, Psi_zz = 0.000006, Psi_z = -0.000001, Psi_r = 0.000027, dr = 10.982021, dz = -0.199265
iteration # n = 50, m = 0
Psi_rr = -0.000003, Psi_rz = 0.000000, D = -0.000000, Psi_zz = 0.000006, Psi_z = -0.000002, Psi_r = 0.000029, dr = 9.811903, dz = -0.025849
iteration # n = 51, m = 0
Psi_rr = -0.000003, Psi_rz = 0.000000, D = -0.000000, Psi_zz = 0.000006, Psi_z = -0.000002, Psi_r = 0.000030, dr = 9.154083, dz = 0.036722
iteration # n = 52, m = 0
Psi_rr = -0.000004, Psi_rz = 0.000000, D = -0.000000, Psi_zz = 0.000006, Psi_z = -0.000002, Psi_r = 0.000031, dr = 8.759902, dz = 0.078415
iteration # n = 53, m = 0
Psi_rr = -0.000004, Psi_rz = 0.000000, D = -0.000000, Psi_zz = 0.000006, Psi_z = -0.000002, Psi_r = 0.000033, dr = 8.467769, dz = 0.079301
iteration # n = 54, m = 0
Psi_rr = -0.000004, Psi_rz = 0.000000, D = -0.000000, Psi_zz = 0.000006, Psi_z = -0.000002, Psi_r = 0.000034, dr = 8.246708, dz = 0.073668
iteration # n = 55, m = 0
Psi_rr = -0.000004, Psi_rz = 0.000000, D = -0.000000, Psi_zz = 0.000006, Psi_z = -0.000002, Psi_r = 0.000035, dr = 8.065803, dz = 0.081382
iteration # n = 56, m = 0
Psi_rr = -0.000005, Psi_rz = 0.000000, D = -0.000000, Psi_zz = 0.000006, Psi_z = -0.000002, Psi_r = 0.000037, dr = 7.904648, dz = 0.069309
iteration # n = 57, m = 0
Psi_rr = -0.000005, Psi_rz = 0.000000, D = -0.000000, Psi_zz = 0.000006, Psi_z = -0.000002, Psi_r = 0.000038, dr = 7.763998, dz = 0.060780
iteration # n = 58, m = 0
Psi_rr = -0.000005, Psi_rz = 0.000000, D = -0.000000, Psi_zz = 0.000006, Psi_z = -0.000002, Psi_r = 0.000040, dr = 7.640476, dz = 0.054717
iteration # n = 59, m = 0
Psi_rr = -0.000005, Psi_rz = 0.000000, D = -0.000000, Psi_zz = 0.000006, Psi_z = -0.000002, Psi_r = 0.000041, dr = 7.528826, dz = 0.055484
iteration # n = 60, m = 0
Psi_rr = -0.000006, Psi_rz = 0.000000, D = -0.000000, Psi_zz = 0.000006, Psi_z = -0.000002, Psi_r = 0.000043, dr = 7.425123, dz = 0.053185
iteration # n = 61, m = 0
Psi_rr = -0.000006, Psi_rz = 0.000000, D = -0.000000, Psi_zz = 0.000006, Psi_z = -0.000002, Psi_r = 0.000044, dr = 7.329103, dz = 0.050659
iteration # n = 62, m = 0
Psi_rr = -0.000006, Psi_rz = 0.000000, D = -0.000000, Psi_zz = 0.000006, Psi_z = -0.000002, Psi_r = 0.000046, dr = 7.239822, dz = 0.048194
iteration # n = 63, m = 0
Psi_rr = -0.000007, Psi_rz = 0.000000, D = -0.000000, Psi_zz = 0.000006, Psi_z = -0.000002, Psi_r = 0.000047, dr = 7.156234, dz = 0.046243
iteration # n = 64, m = 0
Psi_rr = -0.000007, Psi_rz = 0.000000, D = -0.000000, Psi_zz = 0.000006, Psi_z = -0.000002, Psi_r = 0.000049, dr = 7.077335, dz = 0.044762
iteration # n = 65, m = 0
Psi_rr = -0.000007, Psi_rz = 0.000000, D = -0.000000, Psi_zz = 0.000006, Psi_z = -0.000002, Psi_r = 0.000050, dr = 7.001959, dz = 0.044505
iteration # n = 66, m = 0
Psi_rr = -0.000007, Psi_rz = 0.000000, D = -0.000000, Psi_zz = 0.000006, Psi_z = -0.000002, Psi_r = 0.000052, dr = 6.928202, dz = 0.047266
iteration # n = 67, m = 0
Psi_rr = -0.000008, Psi_rz = 0.000000, D = -0.000000, Psi_zz = 0.000006, Psi_z = -0.000002, Psi_r = 0.000053, dr = 6.855770, dz = 0.046662
iteration # n = 68, m = 0
Psi_rr = -0.000008, Psi_rz = 0.000000, D = -0.000000, Psi_zz = 0.000006, Psi_z = -0.000002, Psi_r = 0.000055, dr = 6.784146, dz = 0.046100
iteration # n = 69, m = 0
Psi_rr = -0.000008, Psi_rz = 0.000000, D = -0.000000, Psi_zz = 0.000006, Psi_z = -0.000002, Psi_r = 0.000056, dr = 6.713005, dz = 0.045777
iteration # n = 70, m = 0
Psi_rr = -0.000009, Psi_rz = 0.000000, D = -0.000000, Psi_zz = 0.000006, Psi_z = -0.000002, Psi_r = 0.000058, dr = 6.642022, dz = 0.045860
iteration # n = 71, m = 0
Psi_rr = -0.000009, Psi_rz = 0.000000, D = -0.000000, Psi_zz = 0.000006, Psi_z = -0.000002, Psi_r = 0.000059, dr = 6.570890, dz = 0.046413
iteration # n = 72, m = 0
Psi_rr = -0.000009, Psi_rz = 0.000000, D = -0.000000, Psi_zz = 0.000006, Psi_z = -0.000002, Psi_r = 0.000061, dr = 6.499303, dz = 0.047609
iteration # n = 73, m = 0
Psi_rr = -0.000010, Psi_rz = 0.000000, D = -0.000000, Psi_zz = 0.000006, Psi_z = -0.000002, Psi_r = 0.000062, dr = 6.427011, dz = 0.049405
iteration # n = 74, m = 0
Psi_rr = -0.000010, Psi_rz = 0.000000, D = -0.000000, Psi_zz = 0.000006, Psi_z = -0.000002, Psi_r = 0.000064, dr = 6.353729, dz = 0.052094
iteration # n = 75, m = 0
Psi_rr = -0.000010, Psi_rz = 0.000000, D = -0.000000, Psi_zz = 0.000006, Psi_z = -0.000002, Psi_r = 0.000066, dr = 6.279322, dz = 0.055487
iteration # n = 76, m = 0
Psi_rr = -0.000011, Psi_rz = 0.000000, D = -0.000000, Psi_zz = 0.000006, Psi_z = -0.000002, Psi_r = 0.000067, dr = 6.203529, dz = 0.060110
iteration # n = 77, m = 0
Psi_rr = -0.000011, Psi_rz = 0.000000, D = -0.000000, Psi_zz = 0.000006, Psi_z = -0.000002, Psi_r = 0.000069, dr = 6.126074, dz = 0.063911
iteration # n = 78, m = 0
Psi_rr = -0.000012, Psi_rz = 0.000000, D = -0.000000, Psi_zz = 0.000006, Psi_z = -0.000002, Psi_r = 0.000070, dr = 6.046983, dz = 0.067894
iteration # n = 79, m = 0
Psi_rr = -0.000012, Psi_rz = 0.000000, D = -0.000000, Psi_zz = 0.000006, Psi_z = -0.000002, Psi_r = 0.000072, dr = 5.966316, dz = 0.072132
iteration # n = 80, m = 0
Psi_rr = -0.000012, Psi_rz = 0.000000, D = -0.000000, Psi_zz = 0.000006, Psi_z = -0.000002, Psi_r = 0.000073, dr = 5.884167, dz = 0.076676
iteration # n = 81, m = 0
Psi_rr = -0.000013, Psi_rz = 0.000000, D = -0.000000, Psi_zz = 0.000006, Psi_z = -0.000003, Psi_r = 0.000074, dr = 5.800638, dz = 0.081556
iteration # n = 82, m = 0
Psi_rr = -0.000013, Psi_rz = 0.000000, D = -0.000000, Psi_zz = 0.000006, Psi_z = -0.000003, Psi_r = 0.000076, dr = 5.715845, dz = 0.086805
iteration # n = 83, m = 0
Psi_rr = -0.000014, Psi_rz = 0.000000, D = -0.000000, Psi_zz = 0.000006, Psi_z = -0.000003, Psi_r = 0.000077, dr = 5.629905, dz = 0.092419
iteration # n = 84, m = 0
Psi_rr = -0.000014, Psi_rz = 0.000000, D = -0.000000, Psi_zz = 0.000007, Psi_z = -0.000003, Psi_r = 0.000079, dr = 5.542939, dz = 0.098385
iteration # n = 85, m = 0
Psi_rr = -0.000015, Psi_rz = 0.000000, D = -0.000000, Psi_zz = 0.000007, Psi_z = -0.000003, Psi_r = 0.000080, dr = 5.455068, dz = 0.104732
iteration # n = 86, m = 0
Psi_rr = -0.000015, Psi_rz = 0.000000, D = -0.000000, Psi_zz = 0.000007, Psi_z = -0.000003, Psi_r = 0.000081, dr = 5.366426, dz = 0.111417
iteration # n = 87, m = 0
Psi_rr = -0.000016, Psi_rz = 0.000000, D = -0.000000, Psi_zz = 0.000007, Psi_z = -0.000003, Psi_r = 0.000083, dr = 5.277142, dz = 0.118405
iteration # n = 88, m = 0
Psi_rr = -0.000016, Psi_rz = 0.000000, D = -0.000000, Psi_zz = 0.000007, Psi_z = -0.000003, Psi_r = 0.000084, dr = 5.187324, dz = 0.125745
iteration # n = 89, m = 0
Psi_rr = -0.000017, Psi_rz = 0.000000, D = -0.000000, Psi_zz = 0.000007, Psi_z = -0.000003, Psi_r = 0.000085, dr = 5.097107, dz = 0.133344
iteration # n = 90, m = 0
Psi_rr = -0.000017, Psi_rz = 0.000000, D = -0.000000, Psi_zz = 0.000007, Psi_z = -0.000003, Psi_r = 0.000086, dr = 5.006595, dz = 0.141244
iteration # n = 91, m = 0
Psi_rr = -0.000018, Psi_rz = 0.000000, D = -0.000000, Psi_zz = 0.000007, Psi_z = -0.000003, Psi_r = 0.000087, dr = 4.915903, dz = 0.149293
iteration # n = 92, m = 0
Psi_rr = -0.000018, Psi_rz = 0.000000, D = -0.000000, Psi_zz = 0.000007, Psi_z = -0.000003, Psi_r = 0.000088, dr = 4.825157, dz = 0.157142
iteration # n = 93, m = 0
Psi_rr = -0.000019, Psi_rz = 0.000000, D = -0.000000, Psi_zz = 0.000007, Psi_z = -0.000003, Psi_r = 0.000090, dr = 4.734477, dz = 0.164945
iteration # n = 94, m = 0
Psi_rr = -0.000020, Psi_rz = 0.000000, D = -0.000000, Psi_zz = 0.000007, Psi_z = -0.000003, Psi_r = 0.000091, dr = 4.643992, dz = 0.172719
iteration # n = 95, m = 0
Psi_rr = -0.000020, Psi_rz = 0.000000, D = -0.000000, Psi_zz = 0.000007, Psi_z = -0.000003, Psi_r = 0.000092, dr = 4.553821, dz = 0.180470
iteration # n = 96, m = 0
Psi_rr = -0.000021, Psi_rz = 0.000000, D = -0.000000, Psi_zz = 0.000007, Psi_z = -0.000003, Psi_r = 0.000093, dr = 4.464079, dz = 0.188204
iteration # n = 97, m = 0
Psi_rr = -0.000021, Psi_rz = 0.000000, D = -0.000000, Psi_zz = 0.000007, Psi_z = -0.000003, Psi_r = 0.000093, dr = 4.374871, dz = 0.195917
iteration # n = 98, m = 0
Psi_rr = -0.000022, Psi_rz = 0.000000, D = -0.000000, Psi_zz = 0.000007, Psi_z = -0.000003, Psi_r = 0.000094, dr = 4.286292, dz = 0.203607
iteration # n = 99, m = 0
Psi_rr = -0.000023, Psi_rz = 0.000000, D = -0.000000, Psi_zz = 0.000007, Psi_z = -0.000003, Psi_r = 0.000095, dr = 4.198431, dz = 0.211265
iteration # n = 0, m = 1
Psi_rr = -0.000023, Psi_rz = 0.000000, D = -0.000000, Psi_zz = 0.000007, Psi_z = -0.000003, Psi_r = 0.000096, dr = 4.111359, dz = 0.218875
iteration # n = 1, m = 1
Psi_rr = -0.000024, Psi_rz = 0.000000, D = -0.000000, Psi_zz = 0.000007, Psi_z = -0.000003, Psi_r = 0.000097, dr = 4.025151, dz = 0.226425
iteration # n = 2, m = 1
Psi_rr = -0.000025, Psi_rz = 0.000000, D = -0.000000, Psi_zz = 0.000007, Psi_z = -0.000003, Psi_r = 0.000097, dr = 3.939875, dz = 0.233901
iteration # n = 3, m = 1
Psi_rr = -0.000025, Psi_rz = 0.000000, D = -0.000000, Psi_zz = 0.000007, Psi_z = -0.000003, Psi_r = 0.000098, dr = 3.855589, dz = 0.241289
iteration # n = 4, m = 1
Psi_rr = -0.000026, Psi_rz = 0.000000, D = -0.000000, Psi_zz = 0.000007, Psi_z = -0.000003, Psi_r = 0.000098, dr = 3.772345, dz = 0.248576
iteration # n = 5, m = 1
Psi_rr = -0.000027, Psi_rz = 0.000000, D = -0.000000, Psi_zz = 0.000007, Psi_z = -0.000003, Psi_r = 0.000099, dr = 3.690185, dz = 0.255749
iteration # n = 6, m = 1
Psi_rr = -0.000028, Psi_rz = 0.000000, D = -0.000000, Psi_zz = 0.000008, Psi_z = -0.000003, Psi_r = 0.000099, dr = 3.609142, dz = 0.262798
iteration # n = 7, m = 1
Psi_rr = -0.000008, Psi_rz = -0.000049, D = 0.000000, Psi_zz = -0.000345, Psi_z = -0.000999, Psi_r = -0.000067, dr = 61.545636, dz = -11.560101
Psi_rr = -0.000028, Psi_rz = 0.000000, D = -0.000000, Psi_zz = 0.000008, Psi_z = -0.000003, Psi_r = 0.000100, dr = 3.529242, dz = 0.269713
iteration # n = 8, m = 1
Psi_rr = -0.000008, Psi_rz = -0.000049, D = 0.000000, Psi_zz = -0.000343, Psi_z = -0.001006, Psi_r = -0.000068, dr = 52.491212, dz = -10.396423
Psi_rr = -0.000029, Psi_rz = 0.000000, D = -0.000000, Psi_zz = 0.000008, Psi_z = -0.000003, Psi_r = 0.000100, dr = 3.450498, dz = 0.276489
iteration # n = 9, m = 1
Psi_rr = -0.000009, Psi_rz = -0.000049, D = 0.000000, Psi_zz = -0.000342, Psi_z = -0.001012, Psi_r = -0.000070, dr = 45.765184, dz = -9.543524
Psi_rr = -0.000030, Psi_rz = 0.000000, D = -0.000000, Psi_zz = 0.000008, Psi_z = -0.000003, Psi_r = 0.000100, dr = 3.372912, dz = 0.283120
iteration # n = 10, m = 1
Psi_rr = -0.000009, Psi_rz = -0.000049, D = 0.000000, Psi_zz = -0.000340, Psi_z = -0.001018, Psi_r = -0.000072, dr = 40.619030, dz = -8.904272
Psi_rr = -0.000031, Psi_rz = 0.000000, D = -0.000000, Psi_zz = 0.000008, Psi_z = -0.000003, Psi_r = 0.000100, dr = 3.296478, dz = 0.289601
iteration # n = 11, m = 1
Psi_rr = -0.000009, Psi_rz = -0.000050, D = 0.000000, Psi_zz = -0.000338, Psi_z = -0.001024, Psi_r = -0.000074, dr = 36.614771, dz = -8.423465
Psi_rr = -0.000031, Psi_rz = 0.000000, D = -0.000000, Psi_zz = 0.000008, Psi_z = -0.000003, Psi_r = 0.000101, dr = 3.221179, dz = 0.295930
iteration # n = 12, m = 1
Psi_rr = -0.000010, Psi_rz = -0.000050, D = 0.000000, Psi_zz = -0.000335, Psi_z = -0.001030, Psi_r = -0.000076, dr = 33.456088, dz = -8.063570
Psi_rr = -0.000032, Psi_rz = 0.000000, D = -0.000000, Psi_zz = 0.000008, Psi_z = -0.000003, Psi_r = 0.000101, dr = 3.146991, dz = 0.302135
iteration # n = 13, m = 1
Psi_rr = -0.000010, Psi_rz = -0.000050, D = 0.000000, Psi_zz = -0.000332, Psi_z = -0.001035, Psi_r = -0.000077, dr = 30.944556, dz = -7.800591
Psi_rr = -0.000033, Psi_rz = 0.000000, D = -0.000000, Psi_zz = 0.000008, Psi_z = -0.000003, Psi_r = 0.000101, dr = 3.073885, dz = 0.308171
iteration # n = 14, m = 1
Psi_rr = -0.000011, Psi_rz = -0.000050, D = 0.000000, Psi_zz = -0.000328, Psi_z = -0.001040, Psi_r = -0.000079, dr = 28.941414, dz = -7.617892
Psi_rr = -0.000034, Psi_rz = 0.000000, D = -0.000000, Psi_zz = 0.000008, Psi_z = -0.000003, Psi_r = 0.000101, dr = 3.001819, dz = 0.314050
iteration # n = 15, m = 1
Psi_rr = -0.000011, Psi_rz = -0.000051, D = 0.000000, Psi_zz = -0.000323, Psi_z = -0.001044, Psi_r = -0.000081, dr = 27.305652, dz = -7.497322
Psi_rr = -0.000034, Psi_rz = 0.000000, D = -0.000000, Psi_zz = 0.000008, Psi_z = -0.000003, Psi_r = 0.000100, dr = 2.930753, dz = 0.319762
iteration # n = 16, m = 1
Psi_rr = -0.000011, Psi_rz = -0.000051, D = 0.000000, Psi_zz = -0.000318, Psi_z = -0.001047, Psi_r = -0.000083, dr = 25.821402, dz = -7.408194
Psi_rr = -0.000035, Psi_rz = 0.000000, D = -0.000000, Psi_zz = 0.000008, Psi_z = -0.000003, Psi_r = 0.000100, dr = 2.860639, dz = 0.325303
iteration # n = 17, m = 1
Psi_rr = -0.000012, Psi_rz = -0.000051, D = 0.000000, Psi_zz = -0.000312, Psi_z = -0.001050, Psi_r = -0.000085, dr = 24.049718, dz = -7.280316
Psi_rr = -0.000036, Psi_rz = 0.000000, D = -0.000000, Psi_zz = 0.000008, Psi_z = -0.000003, Psi_r = 0.000100, dr = 2.791430, dz = 0.330656
iteration # n = 18, m = 1
Psi_rr = -0.000013, Psi_rz = -0.000051, D = 0.000000, Psi_zz = -0.000305, Psi_z = -0.001053, Psi_r = -0.000087, dr = 21.241595, dz = -6.981425
Psi_rr = -0.000037, Psi_rz = 0.000000, D = -0.000000, Psi_zz = 0.000008, Psi_z = -0.000003, Psi_r = 0.000100, dr = 2.723075, dz = 0.335822
iteration # n = 19, m = 1
Psi_rr = -0.000013, Psi_rz = -0.000050, D = 0.000000, Psi_zz = -0.000298, Psi_z = -0.001054, Psi_r = -0.000090, dr = 20.139306, dz = -6.919523
Psi_rr = -0.000037, Psi_rz = 0.000000, D = -0.000000, Psi_zz = 0.000008, Psi_z = -0.000003, Psi_r = 0.000099, dr = 2.655525, dz = 0.340797
iteration # n = 20, m = 1
Psi_rr = -0.000013, Psi_rz = -0.000050, D = 0.000000, Psi_zz = -0.000289, Psi_z = -0.001054, Psi_r = -0.000092, dr = 19.738135, dz = -7.017946
Psi_rr = -0.000038, Psi_rz = 0.000000, D = -0.000000, Psi_zz = 0.000008, Psi_z = -0.000003, Psi_r = 0.000099, dr = 2.588726, dz = 0.345575
iteration # n = 21, m = 1
Psi_rr = -0.000013, Psi_rz = -0.000050, D = 0.000000, Psi_zz = -0.000280, Psi_z = -0.001053, Psi_r = -0.000094, dr = 20.238350, dz = -7.331573
Psi_rr = -0.000039, Psi_rz = 0.000000, D = -0.000000, Psi_zz = 0.000008, Psi_z = -0.000003, Psi_r = 0.000098, dr = 2.522626, dz = 0.350153
iteration # n = 22, m = 1
Psi_rr = -0.000014, Psi_rz = -0.000050, D = 0.000000, Psi_zz = -0.000271, Psi_z = -0.001052, Psi_r = -0.000096, dr = 20.962357, dz = -7.724068
Psi_rr = -0.000040, Psi_rz = 0.000000, D = -0.000000, Psi_zz = 0.000008, Psi_z = -0.000003, Psi_r = 0.000097, dr = 2.457170, dz = 0.354527
iteration # n = 23, m = 1
Psi_rr = -0.000014, Psi_rz = -0.000049, D = 0.000000, Psi_zz = -0.000260, Psi_z = -0.001050, Psi_r = -0.000098, dr = 21.898969, dz = -8.201939
Psi_rr = -0.000040, Psi_rz = 0.000000, D = -0.000000, Psi_zz = 0.000008, Psi_z = -0.000003, Psi_r = 0.000096, dr = 2.392303, dz = 0.358696
iteration # n = 24, m = 1
Psi_rr = -0.000014, Psi_rz = -0.000049, D = 0.000000, Psi_zz = -0.000249, Psi_z = -0.001047, Psi_r = -0.000100, dr = 23.096893, dz = -8.786186
Psi_rr = -0.000041, Psi_rz = 0.000000, D = -0.000000, Psi_zz = 0.000008, Psi_z = -0.000003, Psi_r = 0.000096, dr = 2.327972, dz = 0.362657
iteration # n = 25, m = 1
Psi_rr = -0.000015, Psi_rz = -0.000049, D = 0.000000, Psi_zz = -0.000236, Psi_z = -0.001042, Psi_r = -0.000102, dr = 24.637821, dz = -9.509963
Psi_rr = -0.000042, Psi_rz = 0.000000, D = -0.000000, Psi_zz = 0.000008, Psi_z = -0.000003, Psi_r = 0.000095, dr = 2.264124, dz = 0.366409
iteration # n = 26, m = 1
Psi_rr = -0.000015, Psi_rz = -0.000049, D = 0.000000, Psi_zz = -0.000224, Psi_z = -0.001037, Psi_r = -0.000104, dr = 26.633900, dz = -10.420227
Psi_rr = -0.000043, Psi_rz = 0.000000, D = -0.000000, Psi_zz = 0.000009, Psi_z = -0.000003, Psi_r = 0.000094, dr = 2.200711, dz = 0.369952
iteration # n = 27, m = 1
Psi_rr = -0.000015, Psi_rz = -0.000048, D = 0.000000, Psi_zz = -0.000211, Psi_z = -0.001032, Psi_r = -0.000106, dr = 29.253416, dz = -11.587978
Psi_rr = -0.000043, Psi_rz = 0.000000, D = -0.000000, Psi_zz = 0.000009, Psi_z = -0.000004, Psi_r = 0.000092, dr = 2.137689, dz = 0.373281
iteration # n = 28, m = 1
Psi_rr = -0.000016, Psi_rz = -0.000048, D = 0.000000, Psi_zz = -0.000197, Psi_z = -0.001025, Psi_r = -0.000108, dr = 32.766841, dz = -13.127237
Psi_rr = -0.000044, Psi_rz = 0.000000, D = -0.000000, Psi_zz = 0.000009, Psi_z = -0.000004, Psi_r = 0.000091, dr = 2.075017, dz = 0.376396
iteration # n = 29, m = 1
Psi_rr = -0.000016, Psi_rz = -0.000047, D = 0.000000, Psi_zz = -0.000183, Psi_z = -0.001017, Psi_r = -0.000110, dr = 37.629115, dz = -15.230689
Psi_rr = -0.000045, Psi_rz = 0.000000, D = -0.000000, Psi_zz = 0.000009, Psi_z = -0.000004, Psi_r = 0.000090, dr = 2.012659, dz = 0.379295
iteration # n = 30, m = 1
Psi_rr = -0.000017, Psi_rz = -0.000047, D = 0.000000, Psi_zz = -0.000169, Psi_z = -0.001008, Psi_r = -0.000112, dr = 44.687405, dz = -18.256356
Psi_rr = -0.000045, Psi_rz = 0.000000, D = -0.000000, Psi_zz = 0.000009, Psi_z = -0.000004, Psi_r = 0.000089, dr = 1.950581, dz = 0.381976
iteration # n = 31, m = 1
Psi_rr = -0.000017, Psi_rz = -0.000046, D = 0.000000, Psi_zz = -0.000155, Psi_z = -0.000998, Psi_r = -0.000114, dr = 55.714415, dz = -22.952168
Psi_rr = -0.000046, Psi_rz = 0.000000, D = -0.000000, Psi_zz = 0.000009, Psi_z = -0.000004, Psi_r = 0.000087, dr = 1.888751, dz = 0.384440
iteration # n = 32, m = 1
Psi_rr = -0.000047, Psi_rz = 0.000000, D = -0.000000, Psi_zz = 0.000009, Psi_z = -0.000004, Psi_r = 0.000085, dr = 1.827135, dz = 0.386689
iteration # n = 33, m = 1
Psi_rr = -0.000047, Psi_rz = 0.000000, D = -0.000000, Psi_zz = 0.000009, Psi_z = -0.000004, Psi_r = 0.000084, dr = 1.765700, dz = 0.388726
iteration # n = 34, m = 1
Psi_rr = -0.000048, Psi_rz = 0.000000, D = -0.000000, Psi_zz = 0.000009, Psi_z = -0.000004, Psi_r = 0.000082, dr = 1.704414, dz = 0.390559
iteration # n = 35, m = 1
Psi_rr = -0.000049, Psi_rz = 0.000000, D = -0.000000, Psi_zz = 0.000009, Psi_z = -0.000004, Psi_r = 0.000080, dr = 1.643250, dz = 0.392190
iteration # n = 36, m = 1
Psi_rr = -0.000049, Psi_rz = 0.000000, D = -0.000000, Psi_zz = 0.000009, Psi_z = -0.000004, Psi_r = 0.000078, dr = 1.582191, dz = 0.393620
iteration # n = 37, m = 1
Psi_rr = -0.000050, Psi_rz = 0.000000, D = -0.000000, Psi_zz = 0.000009, Psi_z = -0.000004, Psi_r = 0.000076, dr = 1.521219, dz = 0.394850
iteration # n = 38, m = 1
Psi_rr = -0.000051, Psi_rz = 0.000000, D = -0.000000, Psi_zz = 0.000009, Psi_z = -0.000004, Psi_r = 0.000074, dr = 1.460325, dz = 0.395884
iteration # n = 39, m = 1
Psi_rr = -0.000051, Psi_rz = -0.000000, D = -0.000000, Psi_zz = 0.000009, Psi_z = -0.000004, Psi_r = 0.000072, dr = 1.399503, dz = 0.396725
iteration # n = 40, m = 1
Psi_rr = -0.000052, Psi_rz = -0.000000, D = -0.000000, Psi_zz = 0.000009, Psi_z = -0.000004, Psi_r = 0.000070, dr = 1.338748, dz = 0.397374
iteration # n = 41, m = 1
Psi_rr = -0.000053, Psi_rz = -0.000000, D = -0.000000, Psi_zz = 0.000009, Psi_z = -0.000004, Psi_r = 0.000067, dr = 1.278057, dz = 0.397835
iteration # n = 42, m = 1
Psi_rr = -0.000053, Psi_rz = -0.000000, D = -0.000000, Psi_zz = 0.000009, Psi_z = -0.000004, Psi_r = 0.000065, dr = 1.217427, dz = 0.398117
iteration # n = 43, m = 1
Psi_rr = -0.000054, Psi_rz = -0.000000, D = -0.000000, Psi_zz = 0.000009, Psi_z = -0.000004, Psi_r = 0.000062, dr = 1.156857, dz = 0.398229
iteration # n = 44, m = 1
Psi_rr = -0.000055, Psi_rz = -0.000000, D = -0.000000, Psi_zz = 0.000009, Psi_z = -0.000004, Psi_r = 0.000060, dr = 1.096353, dz = 0.398179
iteration # n = 45, m = 1
Psi_rr = -0.000055, Psi_rz = -0.000000, D = -0.000000, Psi_zz = 0.000009, Psi_z = -0.000004, Psi_r = 0.000057, dr = 1.035922, dz = 0.397971
iteration # n = 46, m = 1
Psi_rr = -0.000056, Psi_rz = -0.000000, D = -0.000000, Psi_zz = 0.000009, Psi_z = -0.000004, Psi_r = 0.000054, dr = 0.975575, dz = 0.397609
iteration # n = 47, m = 1
Psi_rr = -0.000056, Psi_rz = -0.000000, D = -0.000000, Psi_zz = 0.000009, Psi_z = -0.000004, Psi_r = 0.000052, dr = 0.915320, dz = 0.397097
Psi_rr = 0.000390, Psi_rz = 0.000279, D = 0.000000, Psi_zz = 0.000356, Psi_z = 0.001924, Psi_r = 0.008087, dr = -38.265146, dz = 24.567558
iteration # n = 48, m = 1
Psi_rr = -0.000057, Psi_rz = -0.000000, D = -0.000000, Psi_zz = 0.000009, Psi_z = -0.000004, Psi_r = 0.000049, dr = 0.855166, dz = 0.396439
Psi_rr = 0.001387, Psi_rz = 0.000205, D = 0.000000, Psi_zz = 0.000073, Psi_z = 0.001517, Psi_r = 0.006518, dr = -2.802677, dz = -12.829669
iteration # n = 49, m = 1
Psi_rr = -0.000057, Psi_rz = -0.000000, D = -0.000000, Psi_zz = 0.000009, Psi_z = -0.000004, Psi_r = 0.000046, dr = 0.795116, dz = 0.395642
Psi_rr = 0.001347, Psi_rz = 0.000149, D = -0.000000, Psi_zz = -0.000001, Psi_z = 0.001221, Psi_r = 0.004433, dr = -7.894669, dz = 41.710643
iteration # n = 50, m = 1
Psi_rr = -0.000058, Psi_rz = -0.000000, D = -0.000000, Psi_zz = 0.000009, Psi_z = -0.000004, Psi_r = 0.000043, dr = 0.735174, dz = 0.394714
Psi_rr = 0.001338, Psi_rz = 0.000121, D = -0.000000, Psi_zz = -0.000012, Psi_z = 0.000995, Psi_r = 0.002260, dr = -4.874428, dz = 35.322848
iteration # n = 51, m = 1
Psi_rr = -0.000059, Psi_rz = -0.000000, D = -0.000000, Psi_zz = 0.000009, Psi_z = -0.000004, Psi_r = 0.000040, dr = 0.675341, dz = 0.393664
Psi_rr = 0.000856, Psi_rz = 0.000108, D = -0.000000, Psi_zz = -0.000007, Psi_z = 0.000803, Psi_r = 0.000471, dr = -5.112031, dz = 36.203261
iteration # n = 52, m = 1
Psi_rr = -0.000059, Psi_rz = -0.000000, D = -0.000000, Psi_zz = 0.000009, Psi_z = -0.000004, Psi_r = 0.000036, dr = 0.615617, dz = 0.392503
Psi_rr = 0.000642, Psi_rz = 0.000099, D = -0.000000, Psi_zz = -0.000003, Psi_z = 0.000629, Psi_r = -0.000798, dr = -5.160137, dz = 41.338995
iteration # n = 53, m = 1
Psi_rr = -0.000060, Psi_rz = -0.000000, D = -0.000000, Psi_zz = 0.000009, Psi_z = -0.000004, Psi_r = 0.000033, dr = 0.556003, dz = 0.391241
Psi_rr = 0.000438, Psi_rz = 0.000088, D = -0.000000, Psi_zz = -0.000002, Psi_z = 0.000474, Psi_r = -0.001428, dr = -4.484275, dz = 38.386954
iteration # n = 54, m = 1
Psi_rr = -0.000060, Psi_rz = -0.000000, D = -0.000000, Psi_zz = 0.000010, Psi_z = -0.000004, Psi_r = 0.000030, dr = 0.496499, dz = 0.389889
Psi_rr = -0.000009, Psi_rz = 0.000075, D = -0.000000, Psi_zz = -0.000004, Psi_z = 0.000340, Psi_r = -0.001659, dr = -3.415313, dz = 21.809658
iteration # n = 55, m = 1
Psi_rr = -0.000061, Psi_rz = -0.000000, D = -0.000000, Psi_zz = 0.000010, Psi_z = -0.000004, Psi_r = 0.000027, dr = 0.437107, dz = 0.388458
Psi_rr = -0.000078, Psi_rz = 0.000059, D = -0.000000, Psi_zz = -0.000007, Psi_z = 0.000232, Psi_r = -0.001561, dr = -0.966898, dz = 25.048697
iteration # n = 56, m = 1
Psi_rr = -0.000061, Psi_rz = -0.000000, D = -0.000000, Psi_zz = 0.000010, Psi_z = -0.000004, Psi_r = 0.000023, dr = 0.377827, dz = 0.386957
Psi_rr = -0.000200, Psi_rz = 0.000045, D = 0.000000, Psi_zz = -0.000010, Psi_z = 0.000149, Psi_r = -0.001312, dr = -193.607611, dz = -841.845745
iteration # n = 57, m = 1
Psi_rr = -0.000062, Psi_rz = -0.000000, D = -0.000000, Psi_zz = 0.000010, Psi_z = -0.000004, Psi_r = 0.000020, dr = 0.318659, dz = 0.385398
Psi_rr = -0.000180, Psi_rz = 0.000031, D = 0.000000, Psi_zz = -0.000012, Psi_z = 0.000089, Psi_r = -0.001023, dr = -7.910400, dz = -12.782522
iteration # n = 58, m = 1
Psi_rr = -0.000062, Psi_rz = -0.000000, D = -0.000000, Psi_zz = 0.000010, Psi_z = -0.000004, Psi_r = 0.000016, dr = 0.259607, dz = 0.383789
iteration # n = 59, m = 1
iteration # n = 60, m = 1
iteration # n = 61, m = 1
iteration # n = 62, m = 1
iteration # n = 63, m = 1
iteration # n = 64, m = 1
iteration # n = 65, m = 1
iteration # n = 66, m = 1
iteration # n = 67, m = 1
iteration # n = 68, m = 1
iteration # n = 69, m = 1
iteration # n = 70, m = 1
iteration # n = 71, m = 1
iteration # n = 72, m = 1
iteration # n = 73, m = 1
iteration # n = 74, m = 1
iteration # n = 75, m = 1
iteration # n = 76, m = 1
iteration # n = 77, m = 1
iteration # n = 78, m = 1
iteration # n = 79, m = 1
iteration # n = 80, m = 1
iteration # n = 81, m = 1
iteration # n = 82, m = 1
iteration # n = 83, m = 1
iteration # n = 84, m = 1
iteration # n = 85, m = 1
iteration # n = 86, m = 1
iteration # n = 87, m = 1
iteration # n = 88, m = 1
iteration # n = 89, m = 1
iteration # n = 90, m = 1
iteration # n = 91, m = 1
iteration # n = 92, m = 1
iteration # n = 93, m = 1
iteration # n = 94, m = 1
iteration # n = 95, m = 1
iteration # n = 96, m = 1
iteration # n = 97, m = 1
iteration # n = 98, m = 1
iteration # n = 99, m = 1
iteration # n = 0, m = 2
iteration # n = 1, m = 2
iteration # n = 2, m = 2
iteration # n = 3, m = 2
iteration # n = 4, m = 2
iteration # n = 5, m = 2
iteration # n = 6, m = 2
Psi_rr = -0.000020, Psi_rz = 0.000021, D = -0.000000, Psi_zz = -0.000020, Psi_z = 0.000029, Psi_r = -0.000626, dr = 673.684530, dz = 696.009144
iteration # n = 7, m = 2
Psi_rr = -0.000018, Psi_rz = 0.000021, D = -0.000000, Psi_zz = -0.000020, Psi_z = 0.000028, Psi_r = -0.000618, dr = 161.119833, dz = 167.832655
iteration # n = 8, m = 2
Psi_rr = -0.000015, Psi_rz = 0.000020, D = -0.000000, Psi_zz = -0.000020, Psi_z = 0.000028, Psi_r = -0.000611, dr = 91.055527, dz = 95.673041
iteration # n = 9, m = 2
Psi_rr = -0.000012, Psi_rz = 0.000020, D = -0.000000, Psi_zz = -0.000020, Psi_z = 0.000028, Psi_r = -0.000604, dr = 63.235036, dz = 67.045769
iteration # n = 10, m = 2
Psi_rr = -0.000009, Psi_rz = 0.000020, D = -0.000000, Psi_zz = -0.000020, Psi_z = 0.000027, Psi_r = -0.000596, dr = 48.230063, dz = 51.627140
iteration # n = 11, m = 2
Psi_rr = -0.000007, Psi_rz = 0.000020, D = -0.000000, Psi_zz = -0.000019, Psi_z = 0.000027, Psi_r = -0.000589, dr = 38.917264, dz = 42.082430
iteration # n = 12, m = 2
Psi_rr = -0.000004, Psi_rz = 0.000020, D = -0.000000, Psi_zz = -0.000019, Psi_z = 0.000027, Psi_r = -0.000581, dr = 32.546110, dz = 35.570262
iteration # n = 13, m = 2
Psi_rr = -0.000002, Psi_rz = 0.000020, D = -0.000000, Psi_zz = -0.000019, Psi_z = 0.000027, Psi_r = -0.000573, dr = 27.907262, dz = 30.844872
iteration # n = 14, m = 2
Psi_rr = 0.000001, Psi_rz = 0.000020, D = -0.000000, Psi_zz = -0.000019, Psi_z = 0.000026, Psi_r = -0.000566, dr = 24.375113, dz = 27.261721
iteration # n = 15, m = 2
Psi_rr = 0.000003, Psi_rz = 0.000020, D = -0.000000, Psi_zz = -0.000019, Psi_z = 0.000026, Psi_r = -0.000558, dr = 21.593191, dz = 24.453524
iteration # n = 16, m = 2
Psi_rr = 0.000006, Psi_rz = 0.000020, D = -0.000000, Psi_zz = -0.000018, Psi_z = 0.000026, Psi_r = -0.000550, dr = 19.343569, dz = 22.195628
iteration # n = 17, m = 2
Psi_rr = 0.000008, Psi_rz = 0.000020, D = -0.000000, Psi_zz = -0.000018, Psi_z = 0.000026, Psi_r = -0.000542, dr = 17.485439, dz = 20.342680
iteration # n = 18, m = 2
Psi_rr = 0.000010, Psi_rz = 0.000020, D = -0.000000, Psi_zz = -0.000018, Psi_z = 0.000026, Psi_r = -0.000534, dr = 15.922511, dz = 18.795701
iteration # n = 19, m = 2
Psi_rr = 0.000013, Psi_rz = 0.000020, D = -0.000000, Psi_zz = -0.000018, Psi_z = 0.000026, Psi_r = -0.000526, dr = 14.587045, dz = 17.486637
iteration # n = 20, m = 2
Psi_rr = 0.000015, Psi_rz = 0.000020, D = -0.000000, Psi_zz = -0.000018, Psi_z = 0.000026, Psi_r = -0.000518, dr = 13.435363, dz = 16.368289
iteration # n = 21, m = 2
Psi_rr = 0.000017, Psi_rz = 0.000019, D = -0.000000, Psi_zz = -0.000017, Psi_z = 0.000025, Psi_r = -0.000510, dr = 12.429784, dz = 15.402973
iteration # n = 22, m = 2
Psi_rr = 0.000019, Psi_rz = 0.000019, D = -0.000000, Psi_zz = -0.000017, Psi_z = 0.000025, Psi_r = -0.000502, dr = 11.543165, dz = 14.562788
iteration # n = 23, m = 2
Psi_rr = 0.000021, Psi_rz = 0.000019, D = -0.000000, Psi_zz = -0.000017, Psi_z = 0.000025, Psi_r = -0.000494, dr = 10.754699, dz = 13.826382
iteration # n = 24, m = 2
Psi_rr = 0.000023, Psi_rz = 0.000019, D = -0.000000, Psi_zz = -0.000017, Psi_z = 0.000025, Psi_r = -0.000486, dr = 10.048186, dz = 13.177133
iteration # n = 25, m = 2
Psi_rr = 0.000025, Psi_rz = 0.000019, D = -0.000000, Psi_zz = -0.000016, Psi_z = 0.000025, Psi_r = -0.000478, dr = 9.410811, dz = 12.601867
iteration # n = 26, m = 2
Psi_rr = 0.000027, Psi_rz = 0.000019, D = -0.000000, Psi_zz = -0.000016, Psi_z = 0.000025, Psi_r = -0.000470, dr = 8.832135, dz = 12.089897
iteration # n = 27, m = 2
Psi_rr = 0.000029, Psi_rz = 0.000019, D = -0.000000, Psi_zz = -0.000016, Psi_z = 0.000025, Psi_r = -0.000462, dr = 8.303471, dz = 11.632968
iteration # n = 28, m = 2
Psi_rr = 0.000031, Psi_rz = 0.000019, D = -0.000000, Psi_zz = -0.000015, Psi_z = 0.000025, Psi_r = -0.000454, dr = 7.818746, dz = 11.224486
iteration # n = 29, m = 2
Psi_rr = 0.000033, Psi_rz = 0.000019, D = -0.000000, Psi_zz = -0.000015, Psi_z = 0.000025, Psi_r = -0.000446, dr = 7.371987, dz = 10.858698
iteration # n = 30, m = 2
Psi_rr = 0.000035, Psi_rz = 0.000019, D = -0.000000, Psi_zz = -0.000015, Psi_z = 0.000026, Psi_r = -0.000438, dr = 6.958384, dz = 10.530844
iteration # n = 31, m = 2
Psi_rr = 0.000036, Psi_rz = 0.000019, D = -0.000000, Psi_zz = -0.000014, Psi_z = 0.000026, Psi_r = -0.000430, dr = 6.573889, dz = 10.236957
iteration # n = 32, m = 2
Psi_rr = 0.000038, Psi_rz = 0.000019, D = -0.000000, Psi_zz = -0.000014, Psi_z = 0.000026, Psi_r = -0.000422, dr = 6.215067, dz = 9.973696
iteration # n = 33, m = 2
Psi_rr = 0.000040, Psi_rz = 0.000018, D = -0.000000, Psi_zz = -0.000014, Psi_z = 0.000026, Psi_r = -0.000414, dr = 5.878948, dz = 9.738202
iteration # n = 34, m = 2
Psi_rr = 0.000041, Psi_rz = 0.000018, D = -0.000000, Psi_zz = -0.000013, Psi_z = 0.000026, Psi_r = -0.000406, dr = 5.562964, dz = 9.528041
iteration # n = 35, m = 2
Psi_rr = 0.000043, Psi_rz = 0.000018, D = -0.000000, Psi_zz = -0.000013, Psi_z = 0.000026, Psi_r = -0.000397, dr = 5.264907, dz = 9.341771
iteration # n = 36, m = 2
Psi_rr = 0.000045, Psi_rz = 0.000018, D = -0.000000, Psi_zz = -0.000013, Psi_z = 0.000027, Psi_r = -0.000389, dr = 4.982962, dz = 9.177563
iteration # n = 37, m = 2
Psi_rr = 0.000046, Psi_rz = 0.000018, D = -0.000000, Psi_zz = -0.000012, Psi_z = 0.000027, Psi_r = -0.000381, dr = 4.715405, dz = 9.034104
iteration # n = 38, m = 2
Psi_rr = 0.000048, Psi_rz = 0.000018, D = -0.000000, Psi_zz = -0.000012, Psi_z = 0.000027, Psi_r = -0.000374, dr = 4.460737, dz = 8.910295
iteration # n = 39, m = 2
Psi_rr = 0.000049, Psi_rz = 0.000018, D = -0.000000, Psi_zz = -0.000012, Psi_z = 0.000027, Psi_r = -0.000366, dr = 4.217623, dz = 8.805238
iteration # n = 40, m = 2
Psi_rr = 0.000050, Psi_rz = 0.000018, D = -0.000000, Psi_zz = -0.000011, Psi_z = 0.000028, Psi_r = -0.000358, dr = 3.984863, dz = 8.718200
iteration # n = 41, m = 2
Psi_rr = 0.000052, Psi_rz = 0.000018, D = -0.000000, Psi_zz = -0.000011, Psi_z = 0.000028, Psi_r = -0.000350, dr = 3.761371, dz = 8.648621
iteration # n = 42, m = 2
Psi_rr = 0.000053, Psi_rz = 0.000018, D = -0.000000, Psi_zz = -0.000011, Psi_z = 0.000028, Psi_r = -0.000342, dr = 3.546141, dz = 8.596389
iteration # n = 43, m = 2
Psi_rr = 0.000054, Psi_rz = 0.000018, D = -0.000000, Psi_zz = -0.000010, Psi_z = 0.000029, Psi_r = -0.000334, dr = 3.338309, dz = 8.561288
iteration # n = 44, m = 2
Psi_rr = 0.000056, Psi_rz = 0.000018, D = -0.000000, Psi_zz = -0.000010, Psi_z = 0.000029, Psi_r = -0.000326, dr = 3.137036, dz = 8.543345
iteration # n = 45, m = 2
Psi_rr = 0.000057, Psi_rz = 0.000018, D = -0.000000, Psi_zz = -0.000009, Psi_z = 0.000029, Psi_r = -0.000318, dr = 2.941538, dz = 8.542736
iteration # n = 46, m = 2
Psi_rr = 0.000058, Psi_rz = 0.000018, D = -0.000000, Psi_zz = -0.000009, Psi_z = 0.000030, Psi_r = -0.000311, dr = 2.751076, dz = 8.559815
iteration # n = 47, m = 2
Psi_rr = 0.000059, Psi_rz = 0.000017, D = -0.000000, Psi_zz = -0.000009, Psi_z = 0.000030, Psi_r = -0.000303, dr = 2.564938, dz = 8.595060
iteration # n = 48, m = 2
Psi_rr = 0.000061, Psi_rz = 0.000017, D = -0.000000, Psi_zz = -0.000008, Psi_z = 0.000030, Psi_r = -0.000295, dr = 2.382414, dz = 8.649296
iteration # n = 49, m = 2
Psi_rr = 0.000062, Psi_rz = 0.000017, D = -0.000000, Psi_zz = -0.000008, Psi_z = 0.000031, Psi_r = -0.000288, dr = 2.202814, dz = 8.723541
iteration # n = 50, m = 2
Psi_rr = 0.000063, Psi_rz = 0.000017, D = -0.000000, Psi_zz = -0.000008, Psi_z = 0.000031, Psi_r = -0.000280, dr = 2.025452, dz = 8.819037
iteration # n = 51, m = 2
Psi_rr = 0.000064, Psi_rz = 0.000017, D = -0.000000, Psi_zz = -0.000007, Psi_z = 0.000032, Psi_r = -0.000272, dr = 1.849613, dz = 8.937343
iteration # n = 52, m = 2
Psi_rr = 0.000065, Psi_rz = 0.000017, D = -0.000000, Psi_zz = -0.000007, Psi_z = 0.000032, Psi_r = -0.000265, dr = 1.674558, dz = 9.080362
iteration # n = 53, m = 2
Psi_rr = 0.000066, Psi_rz = 0.000017, D = -0.000000, Psi_zz = -0.000006, Psi_z = 0.000033, Psi_r = -0.000257, dr = 1.499499, dz = 9.250400
iteration # n = 54, m = 2
Psi_rr = 0.000067, Psi_rz = 0.000017, D = -0.000000, Psi_zz = -0.000006, Psi_z = 0.000033, Psi_r = -0.000250, dr = 1.323585, dz = 9.450255
iteration # n = 55, m = 2
Psi_rr = 0.000068, Psi_rz = 0.000017, D = -0.000000, Psi_zz = -0.000006, Psi_z = 0.000034, Psi_r = -0.000242, dr = 1.145868, dz = 9.683403
iteration # n = 56, m = 2
Psi_rr = 0.000069, Psi_rz = 0.000017, D = -0.000000, Psi_zz = -0.000005, Psi_z = 0.000035, Psi_r = -0.000235, dr = 0.965281, dz = 9.954084
iteration # n = 57, m = 2
Psi_rr = 0.000070, Psi_rz = 0.000017, D = -0.000000, Psi_zz = -0.000005, Psi_z = 0.000035, Psi_r = -0.000228, dr = 0.780607, dz = 10.267462
iteration # n = 58, m = 2
Psi_rr = 0.000071, Psi_rz = 0.000017, D = -0.000000, Psi_zz = -0.000004, Psi_z = 0.000036, Psi_r = -0.000220, dr = 0.590410, dz = 10.629932
iteration # n = 59, m = 2
Psi_rr = 0.000072, Psi_rz = 0.000017, D = -0.000000, Psi_zz = -0.000004, Psi_z = 0.000036, Psi_r = -0.000213, dr = 0.392974, dz = 11.049464
iteration # n = 60, m = 2
Psi_rr = 0.000073, Psi_rz = 0.000017, D = -0.000000, Psi_zz = -0.000003, Psi_z = 0.000037, Psi_r = -0.000206, dr = 0.186210, dz = 11.536068
iteration # n = 61, m = 2
Psi_rr = 0.000073, Psi_rz = 0.000017, D = -0.000000, Psi_zz = -0.000003, Psi_z = 0.000038, Psi_r = -0.000199, dr = -0.032493, dz = 12.102569
iteration # n = 62, m = 2
Psi_rr = 0.000074, Psi_rz = 0.000017, D = -0.000000, Psi_zz = -0.000003, Psi_z = 0.000038, Psi_r = -0.000191, dr = -0.266452, dz = 12.765588
iteration # n = 63, m = 2
Psi_rr = 0.000075, Psi_rz = 0.000016, D = -0.000000, Psi_zz = -0.000002, Psi_z = 0.000039, Psi_r = -0.000184, dr = -0.519966, dz = 13.546990
iteration # n = 64, m = 2
Psi_rr = 0.000076, Psi_rz = 0.000016, D = -0.000000, Psi_zz = -0.000002, Psi_z = 0.000040, Psi_r = -0.000177, dr = -0.798739, dz = 14.476107
iteration # n = 65, m = 2
Psi_rr = 0.000076, Psi_rz = 0.000016, D = -0.000000, Psi_zz = -0.000001, Psi_z = 0.000040, Psi_r = -0.000170, dr = -1.110535, dz = 15.593194
iteration # n = 66, m = 2
Psi_rr = 0.000077, Psi_rz = 0.000016, D = -0.000000, Psi_zz = -0.000001, Psi_z = 0.000041, Psi_r = -0.000163, dr = -1.466228, dz = 16.954978
iteration # n = 67, m = 2
Psi_rr = 0.000078, Psi_rz = 0.000016, D = -0.000000, Psi_zz = -0.000001, Psi_z = 0.000042, Psi_r = -0.000156, dr = -1.881564, dz = 18.643955
iteration # n = 68, m = 2
Psi_rr = 0.000079, Psi_rz = 0.000016, D = -0.000000, Psi_zz = -0.000000, Psi_z = 0.000042, Psi_r = -0.000150, dr = -2.380297, dz = 20.784982
iteration # n = 69, m = 2
Psi_rr = 0.000079, Psi_rz = 0.000016, D = -0.000000, Psi_zz = 0.000000, Psi_z = 0.000043, Psi_r = -0.000143, dr = -3.000067, dz = 23.576307
iteration # n = 70, m = 2
Psi_rr = 0.000080, Psi_rz = 0.000016, D = -0.000000, Psi_zz = 0.000001, Psi_z = 0.000044, Psi_r = -0.000136, dr = -3.804338, dz = 27.352656
iteration # n = 71, m = 2
Psi_rr = 0.000080, Psi_rz = 0.000016, D = -0.000000, Psi_zz = 0.000001, Psi_z = 0.000045, Psi_r = -0.000129, dr = -4.909232, dz = 32.726995
iteration # n = 72, m = 2
Psi_rr = 0.000081, Psi_rz = 0.000016, D = -0.000000, Psi_zz = 0.000001, Psi_z = 0.000045, Psi_r = -0.000123, dr = -6.552601, dz = 40.955396
iteration # n = 73, m = 2
Psi_rr = 0.000082, Psi_rz = 0.000016, D = -0.000000, Psi_zz = 0.000002, Psi_z = 0.000046, Psi_r = -0.000116, dr = -9.310414, dz = 55.080169
iteration # n = 74, m = 2
Psi_rr = 0.000082, Psi_rz = 0.000016, D = -0.000000, Psi_zz = 0.000002, Psi_z = 0.000047, Psi_r = -0.000109, dr = -15.029323, dz = 84.856318
iteration # n = 75, m = 2
Psi_rr = 0.000083, Psi_rz = 0.000016, D = -0.000000, Psi_zz = 0.000003, Psi_z = 0.000048, Psi_r = -0.000103, dr = -34.643866, dz = 188.047600
iteration # n = 76, m = 2
iteration # n = 77, m = 2
iteration # n = 78, m = 2
iteration # n = 79, m = 2
iteration # n = 80, m = 2
iteration # n = 81, m = 2
iteration # n = 82, m = 2
iteration # n = 83, m = 2
iteration # n = 84, m = 2
iteration # n = 85, m = 2
iteration # n = 86, m = 2
iteration # n = 87, m = 2
iteration # n = 88, m = 2
iteration # n = 89, m = 2
iteration # n = 90, m = 2
iteration # n = 91, m = 2
iteration # n = 92, m = 2
iteration # n = 93, m = 2
iteration # n = 94, m = 2
iteration # n = 95, m = 2
iteration # n = 96, m = 2
iteration # n = 97, m = 2
iteration # n = 98, m = 2
iteration # n = 99, m = 2
init time = 2.153262, solver time = 0.135846
